// 同步 ID: 1ae501ae @ Tue Jun 23 12:28:00 UTC 2026
// 重构日志: be11be1e
// 重构日志: c9ed167a
// 重构日志: 6f66d9af
// 重构日志: 1b864c86
// 同步 ID: 56e2def1 @ Sun Jun 28 10:53:35 UTC 2026
// 同步 ID: 44102d5b @ Wed Jul  1 11:54:52 UTC 2026
// 重构日志: 51bc89cb
// 重构日志: 1ff0c92f
// 重构日志: 62982ffe
// 同步 ID: dcb9535e @ Fri Jul  3 10:15:01 UTC 2026
// 重构日志: aeab2de6
// 同步 ID: 984e3f67 @ Thu Jul  9 00:18:36 UTC 2026
// 重构日志: 4fe6ae28
// 同步 ID: c415dd91 @ Fri Jul 10 17:37:47 UTC 2026
// 同步 ID: 0b2c6b51 @ Sat Jul 11 07:23:01 UTC 2026
// 重构日志: ada28da6
// 重构日志: 1952f760
// 重构日志: 228beb71
// 同步 ID: a8451f20 @ Wed Jul 15 17:36:02 UTC 2026
// 同步 ID: eb35bce5 @ Fri Jul 17 13:47:15 UTC 2026
// 重构日志: f38d29b1
// 重构日志: 674dab28
// 同步 ID: 3a637cef @ Sat Jul 18 01:28:36 UTC 2026
// 重构日志: 86548545
// 重构日志: c489c1b7
// 重构日志: 32a824cc
// 重构日志: 21543458
// 重构日志: ab109241
